0 silly argv {
0 silly argv   _: [ 'publish' ],
0 silly argv   'force-publish': true,
0 silly argv   forcePublish: true,
0 silly argv   composed: 'publish',
0 silly argv   lernaVersion: '3.20.2',
0 silly argv   '$0': '/home/alkashi/banyan/glossa/node_modules/.bin/lerna'
0 silly argv }
1 notice cli v3.20.2
2 verbose rootPath /home/alkashi/banyan/glossa
3 verbose session 8d6d410f1a3d6198
4 verbose user-agent lerna/3.20.2/node@v12.16.1+x64 (linux)
5 silly argv {
5 silly argv   _: [ 'publish' ],
5 silly argv   'force-publish': true,
5 silly argv   forcePublish: true,
5 silly argv   composed: 'publish',
5 silly argv   lernaVersion: '3.20.2'
5 silly argv }
6 verbose rootPath /home/alkashi/banyan/glossa
7 info current version 0.1.4
8 silly isAnythingCommitted
9 verbose isAnythingCommitted 1
10 silly currentBranch
11 verbose currentBranch master
12 silly remoteBranchExists
13 silly isBehindUpstream
14 silly isBehindUpstream master is behind origin/master by 0 commit(s) and ahead by 1
15 silly hasTags
16 verbose hasTags true
17 silly git-describe.sync "v0.1.4-1-ge56b297" => {"lastTagName":"v0.1.4","lastVersion":"v0.1.4","refCount":"1","sha":"e56b297","isDirty":false}
18 warn force-publish all packages
19 info Assuming all packages changed
20 verbose updated @glossa/abbr-exchange
21 verbose updated @glossa/abbr-fin
22 verbose updated @glossa/c12n-fin-shenwan
23 verbose updated @glossa/c12n-fin-sina
24 verbose updated @glossa/c12n-fin-tush
25 verbose updated @glossa/enum-fin
26 verbose updated @glossa/i18n-fin-ntes
27 verbose updated @glossa/i18n-fin-qtx
28 verbose updated @glossa/index-fin-hs300
29 verbose updated @glossa/index-fin-sse
30 verbose updated @glossa/ratio-fin-cn
31 verbose updated @glossa/raw-fin-cninfo
32 verbose updated @glossa/raw-fin-fmp
33 verbose updated @glossa/raw-fin-ntes
34 verbose updated @glossa/fin-insight
35 verbose updated @glossa/translator
36 info execute Skipping releases
37 silly lifecycle No script for "preversion" in "root", continuing
38 silly lifecycle No script for "preversion" in "@glossa/abbr-exchange", continuing
39 silly lifecycle No script for "preversion" in "@glossa/abbr-fin", continuing
40 silly lifecycle No script for "preversion" in "@glossa/c12n-fin-shenwan", continuing
41 silly lifecycle No script for "preversion" in "@glossa/c12n-fin-sina", continuing
42 silly lifecycle No script for "version" in "@glossa/abbr-fin", continuing
43 silly lifecycle No script for "preversion" in "@glossa/c12n-fin-tush", continuing
44 silly lifecycle No script for "version" in "@glossa/c12n-fin-shenwan", continuing
45 silly lifecycle No script for "preversion" in "@glossa/enum-fin", continuing
46 silly lifecycle No script for "version" in "@glossa/c12n-fin-sina", continuing
47 silly lifecycle No script for "preversion" in "@glossa/i18n-fin-ntes", continuing
48 silly lifecycle No script for "version" in "@glossa/abbr-exchange", continuing
49 silly lifecycle No script for "preversion" in "@glossa/i18n-fin-qtx", continuing
50 silly lifecycle No script for "version" in "@glossa/i18n-fin-qtx", continuing
51 silly lifecycle No script for "preversion" in "@glossa/index-fin-hs300", continuing
52 silly lifecycle No script for "version" in "@glossa/i18n-fin-ntes", continuing
53 silly lifecycle No script for "preversion" in "@glossa/ratio-fin-cn", continuing
54 silly lifecycle No script for "version" in "@glossa/c12n-fin-tush", continuing
55 silly lifecycle No script for "preversion" in "@glossa/raw-fin-cninfo", continuing
56 silly lifecycle No script for "version" in "@glossa/enum-fin", continuing
57 silly lifecycle No script for "preversion" in "@glossa/raw-fin-fmp", continuing
58 silly lifecycle No script for "version" in "@glossa/raw-fin-fmp", continuing
59 silly lifecycle No script for "preversion" in "@glossa/translator", continuing
60 silly lifecycle No script for "version" in "@glossa/raw-fin-cninfo", continuing
61 silly lifecycle No script for "preversion" in "@glossa/fin-insight", continuing
62 silly lifecycle No script for "version" in "@glossa/ratio-fin-cn", continuing
63 silly lifecycle No script for "version" in "@glossa/index-fin-hs300", continuing
64 silly lifecycle No script for "preversion" in "@glossa/index-fin-sse", continuing
65 silly lifecycle No script for "version" in "@glossa/index-fin-sse", continuing
66 silly lifecycle No script for "version" in "@glossa/translator", continuing
67 silly lifecycle No script for "preversion" in "@glossa/raw-fin-ntes", continuing
68 silly lifecycle No script for "version" in "@glossa/fin-insight", continuing
69 silly lifecycle No script for "version" in "@glossa/raw-fin-ntes", continuing
70 silly lifecycle No script for "version" in "root", continuing
71 silly gitAdd [
71 silly gitAdd   '/home/alkashi/banyan/glossa/packages/abbr/abbr-fin/package.json',
71 silly gitAdd   '/home/alkashi/banyan/glossa/packages/c12n/c12n-fin-shenwan/package.json',
71 silly gitAdd   '/home/alkashi/banyan/glossa/packages/c12n/c12n-fin-sina/package.json',
71 silly gitAdd   '/home/alkashi/banyan/glossa/packages/abbr/abbr-exchange/package.json',
71 silly gitAdd   '/home/alkashi/banyan/glossa/packages/i18n/i18n-fin-qtx/package.json',
71 silly gitAdd   '/home/alkashi/banyan/glossa/packages/i18n/i18n-fin-ntes/package.json',
71 silly gitAdd   '/home/alkashi/banyan/glossa/packages/c12n/c12n-fin-tush/package.json',
71 silly gitAdd   '/home/alkashi/banyan/glossa/packages/enum/enum-fin/package.json',
71 silly gitAdd   '/home/alkashi/banyan/glossa/packages/raw/raw-fin-fmp/package.json',
71 silly gitAdd   '/home/alkashi/banyan/glossa/packages/raw/raw-fin-cninfo/package.json',
71 silly gitAdd   '/home/alkashi/banyan/glossa/packages/ratio/ratio-fin-cn/package.json',
71 silly gitAdd   '/home/alkashi/banyan/glossa/packages/index/index-fin-hs300/package.json',
71 silly gitAdd   '/home/alkashi/banyan/glossa/packages/index/index-fin-sse/package.json',
71 silly gitAdd   '/home/alkashi/banyan/glossa/packages/tool/translator/package.json',
71 silly gitAdd   '/home/alkashi/banyan/glossa/packages/tool/fin-insight/package.json',
71 silly gitAdd   '/home/alkashi/banyan/glossa/packages/raw/raw-fin-ntes/package.json',
71 silly gitAdd   '/home/alkashi/banyan/glossa/lerna.json'
71 silly gitAdd ]
72 silly gitCommit v0.1.5
73 verbose git [ 'commit', '-m', 'v0.1.5' ]
74 silly gitTag v0.1.5
75 verbose git [ 'tag', 'v0.1.5', '-m', 'v0.1.5' ]
76 silly lifecycle No script for "postversion" in "@glossa/abbr-exchange", continuing
77 silly lifecycle No script for "postversion" in "@glossa/abbr-fin", continuing
78 silly lifecycle No script for "postversion" in "@glossa/c12n-fin-shenwan", continuing
79 silly lifecycle No script for "postversion" in "@glossa/c12n-fin-sina", continuing
80 silly lifecycle No script for "postversion" in "@glossa/c12n-fin-tush", continuing
81 silly lifecycle No script for "postversion" in "@glossa/enum-fin", continuing
82 silly lifecycle No script for "postversion" in "@glossa/i18n-fin-ntes", continuing
83 silly lifecycle No script for "postversion" in "@glossa/i18n-fin-qtx", continuing
84 silly lifecycle No script for "postversion" in "@glossa/index-fin-hs300", continuing
85 silly lifecycle No script for "postversion" in "@glossa/index-fin-sse", continuing
86 silly lifecycle No script for "postversion" in "@glossa/ratio-fin-cn", continuing
87 silly lifecycle No script for "postversion" in "@glossa/raw-fin-cninfo", continuing
88 silly lifecycle No script for "postversion" in "@glossa/raw-fin-fmp", continuing
89 silly lifecycle No script for "postversion" in "@glossa/raw-fin-ntes", continuing
90 silly lifecycle No script for "postversion" in "@glossa/fin-insight", continuing
91 silly lifecycle No script for "postversion" in "@glossa/translator", continuing
92 silly lifecycle No script for "postversion" in "root", continuing
93 info git Pushing tags...
94 silly gitPush origin master
95 info publish Publishing packages to npm...
96 info Verifying npm credentials
97 verbose Retrieving npm user profile
98 http fetch GET 200 https://registry.npmjs.org/-/npm/v1/user 1969ms
99 silly npm profile get received {"tfa":false,"name":"hoyeung","email":"hoyeungw@outlook.com","email_verified":true,"created":"2019-02-14T08:31:40.801Z","updated":"2020-01-22T16:18:53.540Z","cidr_whitelist":null,"fullname":"Hoyeung Wong","twitter":"wonghoyeung","github":"hoyeungw"}
100 silly get npm username received {"username":"hoyeung","tfa":false,"name":"hoyeung","email":"hoyeungw@outlook.com","email_verified":true,"created":"2019-02-14T08:31:40.801Z","updated":"2020-01-22T16:18:53.540Z","cidr_whitelist":null,"fullname":"Hoyeung Wong","twitter":"wonghoyeung","github":"hoyeungw"}
101 silly verifyNpmPackageAccess
102 http fetch GET 200 https://registry.npmjs.org/-/org/hoyeung/package?format=cli 605ms
103 info Checking two-factor auth mode
104 verbose Retrieving npm user profile
105 http fetch GET 200 https://registry.npmjs.org/-/npm/v1/user 359ms
106 silly npm profile get received {"tfa":false,"name":"hoyeung","email":"hoyeungw@outlook.com","email_verified":true,"created":"2019-02-14T08:31:40.801Z","updated":"2020-01-22T16:18:53.540Z","cidr_whitelist":null,"fullname":"Hoyeung Wong","twitter":"wonghoyeung","github":"hoyeungw"}
107 silly 2FA false
108 silly getCurrentSHA
109 verbose getCurrentSHA 58ff70d087be3945cf25a5ffed1c8ec0bb57aad0
110 silly lifecycle No script for "prepublish" in "root", continuing
111 silly lifecycle No script for "prepare" in "root", continuing
112 silly lifecycle No script for "prepublishOnly" in "root", continuing
113 silly lifecycle No script for "prepack" in "root", continuing
114 verbose pack-directory packages/abbr/abbr-exchange
115 verbose pack-directory packages/abbr/abbr-fin
116 verbose pack-directory packages/c12n/c12n-fin-shenwan
117 verbose pack-directory packages/c12n/c12n-fin-sina
118 silly lifecycle No script for "prepublish" in "@glossa/abbr-exchange", continuing
119 silly lifecycle No script for "prepublish" in "@glossa/abbr-fin", continuing
120 silly lifecycle No script for "prepublish" in "@glossa/c12n-fin-shenwan", continuing
121 silly lifecycle No script for "prepublish" in "@glossa/c12n-fin-sina", continuing
122 silly lifecycle No script for "prepare" in "@glossa/abbr-exchange", continuing
123 silly lifecycle No script for "prepare" in "@glossa/abbr-fin", continuing
124 silly lifecycle No script for "prepare" in "@glossa/c12n-fin-shenwan", continuing
125 silly lifecycle No script for "prepare" in "@glossa/c12n-fin-sina", continuing
126 silly lifecycle No script for "prepublishOnly" in "@glossa/abbr-exchange", continuing
127 silly lifecycle No script for "prepublishOnly" in "@glossa/abbr-fin", continuing
128 silly lifecycle No script for "prepublishOnly" in "@glossa/c12n-fin-shenwan", continuing
129 silly lifecycle No script for "prepublishOnly" in "@glossa/c12n-fin-sina", continuing
130 silly lifecycle No script for "prepack" in "@glossa/abbr-exchange", continuing
131 silly lifecycle No script for "prepack" in "@glossa/abbr-fin", continuing
132 silly lifecycle No script for "prepack" in "@glossa/c12n-fin-shenwan", continuing
133 silly lifecycle No script for "prepack" in "@glossa/c12n-fin-sina", continuing
134 silly lifecycle No script for "postpack" in "@glossa/abbr-exchange", continuing
135 verbose packed packages/abbr/abbr-exchange
136 silly lifecycle No script for "postpack" in "@glossa/abbr-fin", continuing
137 verbose packed packages/abbr/abbr-fin
138 verbose pack-directory packages/c12n/c12n-fin-tush
139 silly lifecycle No script for "prepublish" in "@glossa/c12n-fin-tush", continuing
140 silly lifecycle No script for "prepare" in "@glossa/c12n-fin-tush", continuing
141 verbose pack-directory packages/enum/enum-fin
142 silly lifecycle No script for "prepublish" in "@glossa/enum-fin", continuing
143 silly lifecycle No script for "prepare" in "@glossa/enum-fin", continuing
144 silly lifecycle No script for "prepublishOnly" in "@glossa/c12n-fin-tush", continuing
145 silly lifecycle No script for "prepublishOnly" in "@glossa/enum-fin", continuing
146 silly lifecycle No script for "prepack" in "@glossa/c12n-fin-tush", continuing
147 silly lifecycle No script for "prepack" in "@glossa/enum-fin", continuing
148 verbose pack-directory packages/i18n/i18n-fin-ntes
149 silly lifecycle No script for "prepublish" in "@glossa/i18n-fin-ntes", continuing
150 silly lifecycle No script for "prepare" in "@glossa/i18n-fin-ntes", continuing
151 error ZlibError: zlib: unexpected end of file
151 error     at Unzip.write (/home/alkashi/banyan/glossa/node_modules/minizlib/index.js:147:22)
151 error     at Unzip.flush (/home/alkashi/banyan/glossa/node_modules/minizlib/index.js:98:10)
151 error     at Unzip.end (/home/alkashi/banyan/glossa/node_modules/minizlib/index.js:104:10)
151 error     at Object.end (/home/alkashi/banyan/glossa/node_modules/tar/lib/parse.js:421:21)
151 error     at Yallist.<anonymous> (/home/alkashi/banyan/glossa/node_modules/minipass/index.js:394:18)
151 error     at Yallist.forEach (/home/alkashi/banyan/glossa/node_modules/yallist/yallist.js:156:8)
151 error     at ReadStream.emit (/home/alkashi/banyan/glossa/node_modules/minipass/index.js:391:18)
151 error     at ReadStream.emit (/home/alkashi/banyan/glossa/node_modules/fs-minipass/index.js:154:22)
151 error     at ReadStream.[maybeEmitEnd] (/home/alkashi/banyan/glossa/node_modules/minipass/index.js:355:12)
151 error     at ReadStream.end (/home/alkashi/banyan/glossa/node_modules/minipass/index.js:235:27)
151 error     at ReadStream.[_handleChunk] (/home/alkashi/banyan/glossa/node_modules/fs-minipass/index.js:136:13)
151 error     at ReadStream.[_onread] (/home/alkashi/banyan/glossa/node_modules/fs-minipass/index.js:109:32)
151 error     at /home/alkashi/banyan/glossa/node_modules/fs-minipass/index.js:101:22
